<?xml version="1.0" encoding="UTF-8"?>
<coverage generated="1611174400839" clover="3.2.0">
  <project timestamp="1611174400839" name="All files">
    <metrics statements="35" coveredstatements="23" conditionals="14" coveredconditionals="3" methods="12" coveredmethods="6" elements="61" coveredelements="32" complexity="0" loc="35" ncloc="35" packages="5" files="5" classes="5"/>
    <package name="Button">
      <metrics statements="6" coveredstatements="4" conditionals="0" coveredconditionals="0" methods="2" coveredmethods="1"/>
      <file name="Button.jsx" path="/Users/kylecordell/hr/projects/FEC/photo-carousel-service/client/src/components/Button/Button.jsx">
        <metrics statements="6" coveredstatements="4" conditionals="0" coveredconditionals="0" methods="2" coveredmethods="1"/>
        <line num="9" count="3" type="stmt"/>
        <line num="11" count="3" type="stmt"/>
        <line num="12" count="0" type="stmt"/>
        <line num="13" count="0" type="stmt"/>
        <line num="16" count="3" type="stmt"/>
        <line num="25" count="2" type="stmt"/>
      </file>
    </package>
    <package name="Modal">
      <metrics statements="4" coveredstatements="4" conditionals="2" coveredconditionals="1" methods="1" coveredmethods="1"/>
      <file name="Modal.jsx" path="/Users/kylecordell/hr/projects/FEC/photo-carousel-service/client/src/components/Modal/Modal.jsx">
        <metrics statements="4" coveredstatements="4" conditionals="2" coveredconditionals="1" methods="1" coveredmethods="1"/>
        <line num="7" count="1" type="stmt"/>
        <line num="9" count="1" type="cond" truecount="1" falsecount="1"/>
        <line num="11" count="1" type="stmt"/>
        <line num="20" count="1" type="stmt"/>
      </file>
    </package>
    <package name="PhotoGrid">
      <metrics statements="14" coveredstatements="11" conditionals="6" coveredconditionals="2" methods="5" coveredmethods="3"/>
      <file name="PhotoGrid.jsx" path="/Users/kylecordell/hr/projects/FEC/photo-carousel-service/client/src/components/PhotoGrid/PhotoGrid.jsx">
        <metrics statements="14" coveredstatements="11" conditionals="6" coveredconditionals="2" methods="5" coveredmethods="3"/>
        <line num="14" count="1" type="stmt"/>
        <line num="15" count="1" type="stmt"/>
        <line num="16" count="1" type="stmt"/>
        <line num="18" count="1" type="stmt"/>
        <line num="19" count="1" type="stmt"/>
        <line num="21" count="1" type="stmt"/>
        <line num="22" count="1" type="stmt"/>
        <line num="24" count="0" type="stmt"/>
        <line num="25" count="0" type="stmt"/>
        <line num="27" count="0" type="stmt"/>
        <line num="30" count="1" type="stmt"/>
        <line num="31" count="1" type="stmt"/>
        <line num="34" count="1" type="stmt"/>
        <line num="103" count="1" type="stmt"/>
      </file>
    </package>
    <package name="PhotoItem">
      <metrics statements="8" coveredstatements="1" conditionals="6" coveredconditionals="0" methods="3" coveredmethods="0"/>
      <file name="PhotoItem.jsx" path="/Users/kylecordell/hr/projects/FEC/photo-carousel-service/client/src/components/PhotoItem/PhotoItem.jsx">
        <metrics statements="8" coveredstatements="1" conditionals="6" coveredconditionals="0" methods="3" coveredmethods="0"/>
        <line num="7" count="0" type="stmt"/>
        <line num="10" count="0" type="stmt"/>
        <line num="11" count="0" type="stmt"/>
        <line num="16" count="0" type="stmt"/>
        <line num="17" count="0" type="stmt"/>
        <line num="18" count="0" type="stmt"/>
        <line num="21" count="0" type="stmt"/>
        <line num="35" count="1" type="stmt"/>
      </file>
    </package>
    <package name="PhotoViewer">
      <metrics statements="3" coveredstatements="3" conditionals="0" coveredconditionals="0" methods="1" coveredmethods="1"/>
      <file name="PhotoViewer.jsx" path="/Users/kylecordell/hr/projects/FEC/photo-carousel-service/client/src/components/PhotoViewer/PhotoViewer.jsx">
        <metrics statements="3" coveredstatements="3" conditionals="0" coveredconditionals="0" methods="1" coveredmethods="1"/>
        <line num="22" count="2" type="stmt"/>
        <line num="24" count="2" type="stmt"/>
        <line num="78" count="2" type="stmt"/>
      </file>
    </package>
  </project>
</coverage>
