{"/Users/kylecordell/hr/projects/FEC/photo-carousel-service/client/src/components/Button/Button.jsx": {"path":"/Users/kylecordell/hr/projects/FEC/photo-carousel-service/client/src/components/Button/Button.jsx","statementMap":{"0":{"start":{"line":9,"column":6},"end":{"line":9,"column":11}},"1":{"start":{"line":11,"column":22},"end":{"line":14,"column":3}},"2":{"start":{"line":12,"column":24},"end":{"line":12,"column":34}},"3":{"start":{"line":13,"column":4},"end":{"line":13,"column":30}},"4":{"start":{"line":16,"column":2},"end":{"line":20,"column":4}},"5":{"start":{"line":25,"column":0},"end":{"line":29,"column":2}}},"fnMap":{"0":{"name":"Button","decl":{"start":{"line":6,"column":9},"end":{"line":6,"column":15}},"loc":{"start":{"line":6,"column":23},"end":{"line":21,"column":1}},"line":6},"1":{"name":"(anonymous_1)","decl":{"start":{"line":11,"column":22},"end":{"line":11,"column":23}},"loc":{"start":{"line":11,"column":28},"end":{"line":14,"column":3}},"line":11}},"branchMap":{},"s":{"0":3,"1":3,"2":0,"3":0,"4":3,"5":2},"f":{"0":3,"1":0},"b":{},"_coverageSchema":"1a1c01bbd47fc00a2c39e90264f33305004495a9","hash":"b7f6c9de174ddc6140aae5ac30024816ae76fed9"}
,"/Users/kylecordell/hr/projects/FEC/photo-carousel-service/client/src/components/Modal/Modal.jsx": {"path":"/Users/kylecordell/hr/projects/FEC/photo-carousel-service/client/src/components/Modal/Modal.jsx","statementMap":{"0":{"start":{"line":7,"column":34},"end":{"line":7,"column":39}},"1":{"start":{"line":9,"column":21},"end":{"line":9,"column":59}},"2":{"start":{"line":11,"column":2},"end":{"line":15,"column":4}},"3":{"start":{"line":20,"column":0},"end":{"line":23,"column":2}}},"fnMap":{"0":{"name":"Modal","decl":{"start":{"line":6,"column":9},"end":{"line":6,"column":14}},"loc":{"start":{"line":6,"column":22},"end":{"line":16,"column":1}},"line":6}},"branchMap":{"0":{"loc":{"start":{"line":9,"column":21},"end":{"line":9,"column":59}},"type":"cond-expr","locations":[{"start":{"line":9,"column":33},"end":{"line":9,"column":44}},{"start":{"line":9,"column":47},"end":{"line":9,"column":59}}],"line":9}},"s":{"0":1,"1":1,"2":1,"3":1},"f":{"0":1},"b":{"0":[0,1]},"_coverageSchema":"1a1c01bbd47fc00a2c39e90264f33305004495a9","hash":"36c09640ab2a69b0eedf7155b483a4dd1e95c681"}
,"/Users/kylecordell/hr/projects/FEC/photo-carousel-service/client/src/components/PhotoGrid/PhotoGrid.jsx": {"path":"/Users/kylecordell/hr/projects/FEC/photo-carousel-service/client/src/components/PhotoGrid/PhotoGrid.jsx","statementMap":{"0":{"start":{"line":14,"column":30},"end":{"line":14,"column":42}},"1":{"start":{"line":15,"column":44},"end":{"line":15,"column":56}},"2":{"start":{"line":16,"column":36},"end":{"line":16,"column":51}},"3":{"start":{"line":18,"column":23},"end":{"line":18,"column":40}},"4":{"start":{"line":19,"column":22},"end":{"line":19,"column":27}},"5":{"start":{"line":21,"column":20},"end":{"line":28,"column":3}},"6":{"start":{"line":22,"column":4},"end":{"line":27,"column":44}},"7":{"start":{"line":24,"column":8},"end":{"line":24,"column":43}},"8":{"start":{"line":25,"column":8},"end":{"line":25,"column":53}},"9":{"start":{"line":27,"column":24},"end":{"line":27,"column":42}},"10":{"start":{"line":30,"column":2},"end":{"line":32,"column":9}},"11":{"start":{"line":31,"column":4},"end":{"line":31,"column":25}},"12":{"start":{"line":34,"column":2},"end":{"line":98,"column":4}},"13":{"start":{"line":103,"column":0},"end":{"line":105,"column":2}}},"fnMap":{"0":{"name":"PhotoGrid","decl":{"start":{"line":13,"column":9},"end":{"line":13,"column":18}},"loc":{"start":{"line":13,"column":26},"end":{"line":99,"column":1}},"line":13},"1":{"name":"(anonymous_1)","decl":{"start":{"line":21,"column":20},"end":{"line":21,"column":21}},"loc":{"start":{"line":21,"column":28},"end":{"line":28,"column":3}},"line":21},"2":{"name":"(anonymous_2)","decl":{"start":{"line":23,"column":12},"end":{"line":23,"column":13}},"loc":{"start":{"line":23,"column":26},"end":{"line":26,"column":7}},"line":23},"3":{"name":"(anonymous_3)","decl":{"start":{"line":27,"column":13},"end":{"line":27,"column":14}},"loc":{"start":{"line":27,"column":24},"end":{"line":27,"column":42}},"line":27},"4":{"name":"(anonymous_4)","decl":{"start":{"line":30,"column":12},"end":{"line":30,"column":13}},"loc":{"start":{"line":30,"column":18},"end":{"line":32,"column":3}},"line":30}},"branchMap":{"0":{"loc":{"start":{"line":37,"column":7},"end":{"line":51,"column":14}},"type":"cond-expr","locations":[{"start":{"line":39,"column":10},"end":{"line":49,"column":16}},{"start":{"line":51,"column":10},"end":{"line":51,"column":14}}],"line":37},"1":{"loc":{"start":{"line":40,"column":13},"end":{"line":48,"column":20}},"type":"cond-expr","locations":[{"start":{"line":42,"column":16},"end":{"line":46,"column":18}},{"start":{"line":48,"column":16},"end":{"line":48,"column":20}}],"line":40},"2":{"loc":{"start":{"line":52,"column":7},"end":{"line":81,"column":14}},"type":"cond-expr","locations":[{"start":{"line":54,"column":10},"end":{"line":79,"column":16}},{"start":{"line":81,"column":10},"end":{"line":81,"column":14}}],"line":52}},"s":{"0":1,"1":1,"2":1,"3":1,"4":1,"5":1,"6":1,"7":0,"8":0,"9":0,"10":1,"11":1,"12":1,"13":1},"f":{"0":1,"1":1,"2":0,"3":0,"4":1},"b":{"0":[0,1],"1":[0,0],"2":[0,1]},"_coverageSchema":"1a1c01bbd47fc00a2c39e90264f33305004495a9","hash":"6bc6319aa8362b9b84ec584a4207db2c317e19ad"}
,"/Users/kylecordell/hr/projects/FEC/photo-carousel-service/client/src/components/PhotoItem/PhotoItem.jsx": {"path":"/Users/kylecordell/hr/projects/FEC/photo-carousel-service/client/src/components/PhotoItem/PhotoItem.jsx","statementMap":{"0":{"start":{"line":7,"column":52},"end":{"line":7,"column":57}},"1":{"start":{"line":10,"column":6},"end":{"line":10,"column":11}},"2":{"start":{"line":11,"column":26},"end":{"line":14,"column":59}},"3":{"start":{"line":11,"column":33},"end":{"line":14,"column":58}},"4":{"start":{"line":16,"column":22},"end":{"line":19,"column":3}},"5":{"start":{"line":17,"column":4},"end":{"line":17,"column":28}},"6":{"start":{"line":18,"column":4},"end":{"line":18,"column":23}},"7":{"start":{"line":21,"column":2},"end":{"line":30,"column":4}},"8":{"start":{"line":35,"column":0},"end":{"line":38,"column":2}}},"fnMap":{"0":{"name":"PhotoItem","decl":{"start":{"line":6,"column":9},"end":{"line":6,"column":18}},"loc":{"start":{"line":6,"column":26},"end":{"line":31,"column":1}},"line":6},"1":{"name":"(anonymous_1)","decl":{"start":{"line":11,"column":26},"end":{"line":11,"column":27}},"loc":{"start":{"line":11,"column":33},"end":{"line":14,"column":58}},"line":11},"2":{"name":"(anonymous_2)","decl":{"start":{"line":16,"column":22},"end":{"line":16,"column":23}},"loc":{"start":{"line":16,"column":33},"end":{"line":19,"column":3}},"line":16}},"branchMap":{"0":{"loc":{"start":{"line":12,"column":12},"end":{"line":12,"column":49}},"type":"cond-expr","locations":[{"start":{"line":12,"column":23},"end":{"line":12,"column":44}},{"start":{"line":12,"column":47},"end":{"line":12,"column":49}}],"line":12},"1":{"loc":{"start":{"line":13,"column":12},"end":{"line":13,"column":53}},"type":"cond-expr","locations":[{"start":{"line":13,"column":23},"end":{"line":13,"column":48}},{"start":{"line":13,"column":51},"end":{"line":13,"column":53}}],"line":13},"2":{"loc":{"start":{"line":14,"column":12},"end":{"line":14,"column":56}},"type":"cond-expr","locations":[{"start":{"line":14,"column":23},"end":{"line":14,"column":51}},{"start":{"line":14,"column":54},"end":{"line":14,"column":56}}],"line":14}},"s":{"0":0,"1":0,"2":0,"3":0,"4":0,"5":0,"6":0,"7":0,"8":1},"f":{"0":0,"1":0,"2":0},"b":{"0":[0,0],"1":[0,0],"2":[0,0]},"_coverageSchema":"1a1c01bbd47fc00a2c39e90264f33305004495a9","hash":"36249d8bc8ba49f1b3334845b44d5cd17135a4ad"}
,"/Users/kylecordell/hr/projects/FEC/photo-carousel-service/client/src/components/PhotoViewer/PhotoViewer.jsx": {"path":"/Users/kylecordell/hr/projects/FEC/photo-carousel-service/client/src/components/PhotoViewer/PhotoViewer.jsx","statementMap":{"0":{"start":{"line":22,"column":6},"end":{"line":22,"column":11}},"1":{"start":{"line":24,"column":2},"end":{"line":73,"column":4}},"2":{"start":{"line":78,"column":0},"end":{"line":90,"column":2}}},"fnMap":{"0":{"name":"PhotoViewer","decl":{"start":{"line":15,"column":9},"end":{"line":15,"column":20}},"loc":{"start":{"line":15,"column":28},"end":{"line":74,"column":1}},"line":15}},"branchMap":{},"s":{"0":2,"1":2,"2":2},"f":{"0":2},"b":{},"_coverageSchema":"1a1c01bbd47fc00a2c39e90264f33305004495a9","hash":"2addacb22c4c0d16c28b50f5899f51cc13825da8"}
}
