TN:
SF:client/src/components/Button/Button.jsx
FN:6,Button
FN:11,(anonymous_1)
FNF:2
FNH:1
FNDA:10,Button
FNDA:0,(anonymous_1)
DA:9,10
DA:11,10
DA:12,0
DA:13,0
DA:16,10
DA:25,2
LF:6
LH:4
BRF:0
BRH:0
end_of_record
TN:
SF:client/src/components/IconButton/IconButton.jsx
FN:6,IconButton
FN:33,(anonymous_1)
FNF:2
FNH:1
FNDA:24,IconButton
FNDA:0,(anonymous_1)
DA:9,24
DA:10,24
DA:15,24
DA:24,2
DA:32,2
LF:5
LH:5
BRDA:11,0,0,12
BRDA:11,0,1,12
BRDA:12,1,0,12
BRDA:12,1,1,12
BRDA:13,2,0,4
BRDA:13,2,1,20
BRF:6
BRH:6
end_of_record
TN:
SF:client/src/components/Modal/Modal.jsx
FN:6,Modal
FNF:1
FNH:1
FNDA:4,Modal
DA:7,4
DA:9,4
DA:11,4
DA:20,1
LF:4
LH:4
BRDA:9,0,0,0
BRDA:9,0,1,4
BRF:2
BRH:1
end_of_record
TN:
SF:client/src/components/PhotoGrid/PhotoGrid.jsx
FN:13,PhotoGrid
FN:21,(anonymous_1)
FN:23,(anonymous_2)
FN:27,(anonymous_3)
FN:30,(anonymous_4)
FNF:5
FNH:3
FNDA:5,PhotoGrid
FNDA:4,(anonymous_1)
FNDA:0,(anonymous_2)
FNDA:0,(anonymous_3)
FNDA:4,(anonymous_4)
DA:14,5
DA:15,4
DA:16,4
DA:18,4
DA:19,4
DA:21,4
DA:22,4
DA:24,0
DA:25,0
DA:27,0
DA:30,4
DA:31,4
DA:34,4
DA:105,1
LF:14
LH:11
BRDA:37,0,0,0
BRDA:37,0,1,4
BRDA:40,1,0,0
BRDA:40,1,1,0
BRDA:52,2,0,0
BRDA:52,2,1,4
BRF:6
BRH:2
end_of_record
TN:
SF:client/src/components/PhotoItem/PhotoItem.jsx
FN:6,PhotoItem
FN:11,(anonymous_1)
FN:16,(anonymous_2)
FNF:3
FNH:0
FNDA:0,PhotoItem
FNDA:0,(anonymous_1)
FNDA:0,(anonymous_2)
DA:7,0
DA:10,0
DA:11,0
DA:16,0
DA:17,0
DA:18,0
DA:21,0
DA:35,1
LF:8
LH:1
BRDA:12,0,0,0
BRDA:12,0,1,0
BRDA:13,1,0,0
BRDA:13,1,1,0
BRDA:14,2,0,0
BRDA:14,2,1,0
BRF:6
BRH:0
end_of_record
TN:
SF:client/src/components/PhotoViewer/PhotoViewer.jsx
FN:13,PhotoViewer
FN:19,(anonymous_1)
FN:24,(anonymous_2)
FN:26,(anonymous_3)
FN:29,(anonymous_4)
FN:30,(anonymous_5)
FN:34,(anonymous_6)
FN:35,(anonymous_7)
FNF:8
FNH:3
FNDA:6,PhotoViewer
FNDA:5,(anonymous_1)
FNDA:5,(anonymous_2)
FNDA:0,(anonymous_3)
FNDA:0,(anonymous_4)
FNDA:0,(anonymous_5)
FNDA:0,(anonymous_6)
FNDA:0,(anonymous_7)
DA:16,6
DA:17,6
DA:19,6
DA:20,5
DA:21,5
DA:24,6
DA:25,5
DA:26,5
DA:29,6
DA:30,0
DA:31,0
DA:34,6
DA:35,0
DA:36,0
DA:39,6
DA:107,2
LF:16
LH:12
BRDA:20,0,0,0
BRDA:20,0,1,5
BRF:2
BRH:1
end_of_record
